<?xml version="1.0" encoding="UTF-8"?>
<!-- Generated by org.testng.reporters.JUnitXMLReporter -->
<testsuite hostname="ATMECSINLT-269" name="SampleTest" tests="3" failures="0" timestamp="3 Apr 2020 15:32:33 GMT" time="87.77" errors="0">
  <testcase name="signIntoMyStore" time="36.451" classname="com.qa.automation.mystoreapplication.testscript.MyStoreAppOrder"/>
  <testcase name="clickOnProduct" time="16.847" classname="com.qa.automation.mystoreapplication.testscript.MyStoreAppOrder"/>
  <testcase name="placeOrder" time="34.451" classname="com.qa.automation.mystoreapplication.testscript.MyStoreAppOrder"/>
</testsuite> <!-- SampleTest -->
