<?xml version="1.0" encoding="UTF-8"?>
<!-- Generated by org.testng.reporters.JUnitXMLReporter -->
<testsuite hostname="ATMECSINLT-269" name="SampleTest" tests="3" failures="0" timestamp="3 Apr 2020 15:05:10 GMT" time="67.622" errors="0">
  <testcase name="signIntoMyStore" time="27.222" classname="com.qa.automation.mystoreapplication.testscript.MyStoreAppOrder"/>
  <testcase name="clickOnProduct" time="16.02" classname="com.qa.automation.mystoreapplication.testscript.MyStoreAppOrder"/>
  <testcase name="placeOrder" time="24.349" classname="com.qa.automation.mystoreapplication.testscript.MyStoreAppOrder"/>
</testsuite> <!-- SampleTest -->
