<?xml version="1.0" encoding="UTF-8"?>
<!-- Generated by org.testng.reporters.JUnitXMLReporter -->
<testsuite hostname="ATMECSINLT-269" name="SampleTest" tests="3" failures="0" timestamp="3 Apr 2020 15:56:27 GMT" time="37.611" errors="0">
  <testcase name="signIntoMyStore" time="16.31" classname="com.qa.automation.mystoreapplication.testscript.MyStoreAppOrder"/>
  <testcase name="clickOnProduct" time="2.871" classname="com.qa.automation.mystoreapplication.testscript.MyStoreAppOrder"/>
  <testcase name="placeOrder" time="18.413" classname="com.qa.automation.mystoreapplication.testscript.MyStoreAppOrder"/>
</testsuite> <!-- SampleTest -->
